app/build/outputs/mapping/release/seeds.txt
localhost_3000.twa.DelegationService
localhost_3000.twa.DelegationService: DelegationService()
localhost_3000.twa.LauncherActivity: LauncherActivity()
localhost_3000.twa.LauncherActivity
localhost_3000.twa.Application: Application()
localhost_3000.twa.Application
...
androidx.core.graphics.drawable.IconCompat
android.support.v4.graphics.drawable.IconCompatParcelizer: androidx.core.graphics.drawable.IconCompat read(androidx.versionedparcelable.VersionedParcel)
androidx.core.app.CoreComponentFactory: CoreComponentFactory()
androidx.lifecycle.FullLifecycleObserverAdapter
com.google.androidbrowserhelper.trusted.ManageDataLauncherActivity
androidx.versionedparcelable.ParcelImpl: android.os.Parcelable$Creator CREATOR
androidx.core.graphics.drawable.IconCompatParcelizer: IconCompatParcelizer()
androidx.lifecycle.CompositeGeneratedAdaptersObserver
androidx.core.graphics.drawable.IconCompatParcelizer
com.google.androidbrowserhelper.trusted.FocusActivity: FocusActivity()
androidx.core.content.FileProvider
com.google.androidbrowserhelper.trusted.ManageDataLauncherActivity: ManageDataLauncherActivity()
com.google.androidbrowserhelper.trusted.NotificationPermissionRequestActivity
androidx.core.app.RemoteActionCompatParcelizer: void write(androidx.core.app.RemoteActionCompat,androidx.versionedparcelable.VersionedParcel)
androidx.core.app.RemoteActionCompat
com.google.androidbrowserhelper.trusted.NotificationPermissionRequestActivity: NotificationPermissionRequestActivity()
androidx.lifecycle.SingleGeneratedAdapterObserver
android.support.v4.graphics.drawable.IconCompatParcelizer: IconCompatParcelizer()
com.google.androidbrowserhelper.trusted.WebViewFallbackActivity
androidx.versionedparcelable.ParcelImpl
androidx.versionedparcelable.CustomVersionedParcelable: CustomVersionedParcelable()
android.support.v4.graphics.drawable.IconCompatParcelizer
androidx.core.app.RemoteActionCompatParcelizer: androidx.core.app.RemoteActionCompat read(androidx.versionedparcelable.VersionedParcel)
androidx.versionedparcelable.CustomVersionedParcelable
androidx.browser.browseractions.BrowserActionsFallbackMenuView
android.support.v4.app.RemoteActionCompatParcelizer
android.support.v4.app.RemoteActionCompatParcelizer: androidx.core.app.RemoteActionCompat read(androidx.versionedparcelable.VersionedParcel)
androidx.core.app.CoreComponentFactory
androidx.core.app.RemoteActionCompatParcelizer
android.support.v4.app.RemoteActionCompatParcelizer: RemoteActionCompatParcelizer()
androidx.core.app.RemoteActionCompat: RemoteActionCompat()
androidx.core.app.RemoteActionCompatParcelizer: RemoteActionCompatParcelizer()
androidx.core.graphics.drawable.IconCompat: IconCompat()
android.support.v4.app.RemoteActionCompatParcelizer: void write(androidx.core.app.RemoteActionCompat,androidx.versionedparcelable.VersionedParcel)
android.support.v4.graphics.drawable.IconCompatParcelizer: void write(androidx.core.graphics.drawable.IconCompat,androidx.versionedparcelable.VersionedParcel)
androidx.core.graphics.drawable.IconCompatParcelizer: androidx.core.graphics.drawable.IconCompat read(androidx.versionedparcelable.VersionedParcel)
androidx.browser.browseractions.BrowserActionsFallbackMenuView: BrowserActionsFallbackMenuView(android.content.Context,android.util.AttributeSet)
com.google.androidbrowserhelper.trusted.FocusActivity
androidx.core.graphics.drawable.IconCompatParcelizer: void write(androidx.core.graphics.drawable.IconCompat,androidx.versionedparcelable.VersionedParcel)
androidx.browser.trusted.TrustedWebActivityService: TrustedWebActivityService()
androidx.core.content.FileProvider: FileProvider()
com.google.androidbrowserhelper.trusted.LauncherActivity: LauncherActivity()
com.google.androidbrowserhelper.trusted.DelegationService: DelegationService()
androidx.annotation.Keep
com.google.androidbrowserhelper.trusted.WebViewFallbackActivity: WebViewFallbackActivity()
androidx.lifecycle.ReflectiveGenericLifecycleObserver