app/build/outputs/mapping/release/usage.txt
localhost_3000.twa.R$layout
localhost_3000.twa.R$styleable
localhost_3000.twa.R
localhost_3000.twa.R$bool
localhost_3000.twa.R$attr
localhost_3000.twa.R$string
localhost_3000.twa.R$style
localhost_3000.twa.R$xml
localhost_3000.twa.R$dimen
localhost_3000.twa.R$drawable
localhost_3000.twa.R$id
localhost_3000.twa.BuildConfig
localhost_3000.twa.R$mipmap
localhost_3000.twa.R$color
localhost_3000.twa.R$integer
localhost_3000.twa.R$raw
...
com.google.androidbrowserhelper.trusted.SharedPreferencesTokenStore:
    public void setVerifiedProvider(java.lang.String,android.content.pm.PackageManager)
    private static final java.lang.String KEY_TOKEN
androidx.core.os.ParcelableCompat
androidx.browser.customtabs.CustomTabsSession:
    public static androidx.browser.customtabs.CustomTabsSession createMockSessionForTesting(android.content.ComponentName)
    public boolean mayLaunchUrl(android.net.Uri,android.os.Bundle,java.util.List)
    public boolean setActionButton(android.graphics.Bitmap,java.lang.String)
    public boolean setSecondaryToolbarViews(android.widget.RemoteViews,int[],android.app.PendingIntent)
    public boolean setToolbarItem(int,android.graphics.Bitmap,java.lang.String)
    public boolean requestPostMessageChannel(android.net.Uri)
    public int postMessage(java.lang.String,android.os.Bundle)
    private static final java.lang.String TAG
androidx.core.text.util.FindAddress
androidx.core.view.OneShotPreDrawListener
androidx.browser.trusted.splashscreens.SplashScreenVersion
androidx.core.os.BuildCompat
androidx.browser.trusted.TrustedWebActivityServiceConnectionPool
androidx.annotation.Size
androidx.browser.browseractions.BrowserServiceFileProvider
androidx.core.view.MarginLayoutParamsCompat
androidx.core.view.ActionProvider$VisibilityListener
androidx.core.widget.NestedScrollView$OnScrollChangeListener
androidx.browser.customtabs.CustomTabsService
androidx.core.text.PrecomputedTextCompat$PrecomputedTextFutureTask
androidx.annotation.ContentView
androidx.core.view.accessibility.AccessibilityViewCommand$MoveHtmlArguments
androidx.core.content.res.FontResourcesParserCompat$ProviderResourceEntry
androidx.core.provider.FontsContractCompat$4$2
androidx.browser.trusted.NotificationApiHelperForO:
    private void <init>()
androidx.annotation.IntRange
androidx.browser.customtabs.CustomTabColorSchemeParams$Builder:
    public androidx.browser.customtabs.CustomTabColorSchemeParams$Builder setSecondaryToolbarColor(int)
androidx.browser.customtabs.CustomTabsSessionToken
androidx.collection.SimpleArrayMap:
    public void <init>(int)
    public void <init>(androidx.collection.SimpleArrayMap)
    public void putAll(androidx.collection.SimpleArrayMap)
    private static final boolean DEBUG
    private static final java.lang.String TAG
    private static final boolean CONCURRENT_MODIFICATION_EXCEPTIONS
    private static final int BASE_SIZE
    private static final int CACHE_SIZE
androidx.concurrent.futures.CallbackToFutureAdapter$Completer
androidx.core.graphics.TypefaceCompat
androidx.lifecycle.Lifecycle$Event
androidx.browser.customtabs.CustomTabsServiceConnection:
    android.content.Context getApplicationContext()
androidx.core.view.AccessibilityDelegateCompat$AccessibilityDelegateAdapter
androidx.core.text.BidiFormatter$DirectionalityEstimator
androidx.annotation.StringDef
androidx.core.graphics.TypefaceCompatUtil
androidx.browser.customtabs.CustomTabsSessionToken$MockCallback
androidx.concurrent.futures.AbstractResolvableFuture$1
androidx.versionedparcelable.ParcelUtils
androidx.core.text.util.LinkifyCompat$LinkifyMask
androidx.core.view.accessibility.AccessibilityEventCompat
androidx.core.accessibilityservice.AccessibilityServiceInfoCompat
androidx.interpolator.view.animation.LookupTableInterpolator
androidx.core.provider.FontsContractCompat$TypefaceResult
androidx.core.widget.ListViewCompat
androidx.core.content.res.FontResourcesParserCompat
androidx.core.R$dimen